10:52:02.058 [main] INFO  tuberlin.mcc.simra.backend.WebServer - Setting up server at port 8080
10:52:03.404 [main] INFO  tuberlin.mcc.simra.backend.WebServer - Server started successfully
06.02.2019 11:04:54.688 [main] INFO  tuberlin.mcc.simra.backend.WebServer - Setting up server at port 8080
06.02.2019 11:04:55.857 [main] INFO  tuberlin.mcc.simra.backend.WebServer - Server started successfully
06.02.2019 11:05:47.791 [main] INFO  tuberlin.mcc.simra.backend.WebServer - Setting up server at port 8080
06.02.2019 11:05:48.955 [main] INFO  tuberlin.mcc.simra.backend.WebServer - Server started successfully
06.02.2019 11:07:33.746 [main] INFO  tuberlin.mcc.simra.backend.WebServer - Setting up server at port 8080
06.02.2019 11:07:34.841 [main] INFO  tuberlin.mcc.simra.backend.WebServer - Server started successfully
27.02.2019 11:58:09.098 [main] DEBUG t.m.s.b.servlets.ResourceServlet - key: bla
27.02.2019 11:58:09.114 [main] DEBUG t.m.s.b.servlets.ResourceServlet - sp + key.split("_")[0] + sp + key: \bla\bla
27.02.2019 11:58:09.114 [main] DEBUG t.m.s.b.servlets.ResourceServlet - directoryName: bla
27.02.2019 12:04:28.955 [main] DEBUG t.m.s.b.servlets.ResourceServlet - key: bla
27.02.2019 12:04:28.955 [main] DEBUG t.m.s.b.servlets.ResourceServlet - sp + key.split("_")[0] + sp + key: \bla\bla
27.02.2019 12:04:28.955 [main] DEBUG t.m.s.b.servlets.ResourceServlet - directoryName: bla
27.02.2019 12:09:05.362 [main] DEBUG t.m.s.b.servlets.ResourceServlet - key: bla
27.02.2019 12:09:05.362 [main] DEBUG t.m.s.b.servlets.ResourceServlet - sp + key.split("_")[0] + sp + key: \bla\bla
27.02.2019 12:09:05.362 [main] DEBUG t.m.s.b.servlets.ResourceServlet - directoryName: bla
27.02.2019 12:11:05.398 [main] DEBUG t.m.s.b.servlets.ResourceServlet - key: bla
27.02.2019 12:11:05.398 [main] DEBUG t.m.s.b.servlets.ResourceServlet - sp + key.split("_")[0] + sp + key: \bla\bla
27.02.2019 12:11:05.398 [main] DEBUG t.m.s.b.servlets.ResourceServlet - directoryName: bla
27.02.2019 12:12:13.972 [main] DEBUG t.m.s.b.servlets.ResourceServlet - key: bla
27.02.2019 12:12:13.972 [main] DEBUG t.m.s.b.servlets.ResourceServlet - sp + key.split("_")[0] + sp + key: \bla\bla
27.02.2019 12:12:13.972 [main] DEBUG t.m.s.b.servlets.ResourceServlet - directoryName: bla
27.02.2019 13:25:13.195 [main] DEBUG t.m.s.b.servlets.ResourceServlet - key: bla
27.02.2019 13:25:13.210 [main] DEBUG t.m.s.b.servlets.ResourceServlet - sp + key.split("_")[0] + sp + key: \bla\bla
27.02.2019 13:25:13.210 [main] DEBUG t.m.s.b.servlets.ResourceServlet - directoryName: bla
27.02.2019 13:42:01.392 [main] DEBUG t.m.s.b.servlets.ResourceServlet - key: bla
27.02.2019 13:42:01.392 [main] DEBUG t.m.s.b.servlets.ResourceServlet - sp + key.split("_")[0] + sp + key: \bla\bla
27.02.2019 13:42:01.392 [main] DEBUG t.m.s.b.servlets.ResourceServlet - directoryName: bla
27.02.2019 13:44:54.617 [main] DEBUG t.m.s.b.servlets.ResourceServlet - key: bla
27.02.2019 13:44:54.617 [main] DEBUG t.m.s.b.servlets.ResourceServlet - sp + key.split("_")[0] + sp + key: \bla\bla
27.02.2019 13:44:54.617 [main] DEBUG t.m.s.b.servlets.ResourceServlet - directoryName: bla
27.02.2019 14:50:31.708 [main] DEBUG t.m.s.b.servlets.ResourceServlet - key: bla
27.02.2019 14:50:31.708 [main] DEBUG t.m.s.b.servlets.ResourceServlet - sp + key.split("_")[0] + sp + key: \bla\bla
27.02.2019 14:50:31.708 [main] DEBUG t.m.s.b.servlets.ResourceServlet - directoryName: bla
27.02.2019 14:51:32.132 [main] DEBUG t.m.s.b.servlets.ResourceServlet - key: bla
27.02.2019 14:51:32.132 [main] DEBUG t.m.s.b.servlets.ResourceServlet - sp + key.split("_")[0] + sp + key: \bla\bla
27.02.2019 14:51:32.132 [main] DEBUG t.m.s.b.servlets.ResourceServlet - directoryName: bla
27.02.2019 14:52:23.105 [main] DEBUG t.m.s.b.servlets.ResourceServlet - key: bla
27.02.2019 14:52:23.121 [main] DEBUG t.m.s.b.servlets.ResourceServlet - sp + key.split("_")[0] + sp + key: \bla\bla
27.02.2019 14:52:23.121 [main] DEBUG t.m.s.b.servlets.ResourceServlet - directoryName: bla
